<?xml version="1.0" encoding="UTF-8"?>
<testsuites>
  <testsuite name="C:\Users\Ayrton\Desktop\BUREAU\DEVELOPPEMENT\CESIZen\webapp\phpunit.xml" tests="47" assertions="124" errors="0" failures="0" skipped="0" time="2.565570">
    <testsuite name="Feature" tests="47" assertions="124" errors="0" failures="0" skipped="0" time="2.565570">
      <testsuite name="Tests\Feature\AdminBreathingExerciseControllerTest" file="C:\Users\Ayrton\Desktop\BUREAU\DEVELOPPEMENT\CESIZen\webapp\tests\Feature\AdminBreathingExerciseControllerTest.php" tests="7" assertions="19" errors="0" failures="0" skipped="0" time="1.124962">
        <testcase name="test_admin_can_see_exercises_index" file="C:\Users\Ayrton\Desktop\BUREAU\DEVELOPPEMENT\CESIZen\webapp\tests\Feature\AdminBreathingExerciseControllerTest.php" line="29" class="Tests\Feature\AdminBreathingExerciseControllerTest" classname="Tests.Feature.AdminBreathingExerciseControllerTest" assertions="2" time="0.923256"/>
        <testcase name="test_admin_can_see_create_form" file="C:\Users\Ayrton\Desktop\BUREAU\DEVELOPPEMENT\CESIZen\webapp\tests\Feature\AdminBreathingExerciseControllerTest.php" line="43" class="Tests\Feature\AdminBreathingExerciseControllerTest" classname="Tests.Feature.AdminBreathingExerciseControllerTest" assertions="2" time="0.027133"/>
        <testcase name="test_admin_can_store_exercise" file="C:\Users\Ayrton\Desktop\BUREAU\DEVELOPPEMENT\CESIZen\webapp\tests\Feature\AdminBreathingExerciseControllerTest.php" line="57" class="Tests\Feature\AdminBreathingExerciseControllerTest" classname="Tests.Feature.AdminBreathingExerciseControllerTest" assertions="3" time="0.048088"/>
        <testcase name="test_admin_can_edit_exercise" file="C:\Users\Ayrton\Desktop\BUREAU\DEVELOPPEMENT\CESIZen\webapp\tests\Feature\AdminBreathingExerciseControllerTest.php" line="88" class="Tests\Feature\AdminBreathingExerciseControllerTest" classname="Tests.Feature.AdminBreathingExerciseControllerTest" assertions="3" time="0.031805"/>
        <testcase name="test_admin_can_update_exercise" file="C:\Users\Ayrton\Desktop\BUREAU\DEVELOPPEMENT\CESIZen\webapp\tests\Feature\AdminBreathingExerciseControllerTest.php" line="107" class="Tests\Feature\AdminBreathingExerciseControllerTest" classname="Tests.Feature.AdminBreathingExerciseControllerTest" assertions="3" time="0.031514"/>
        <testcase name="test_admin_can_delete_exercise" file="C:\Users\Ayrton\Desktop\BUREAU\DEVELOPPEMENT\CESIZen\webapp\tests\Feature\AdminBreathingExerciseControllerTest.php" line="140" class="Tests\Feature\AdminBreathingExerciseControllerTest" classname="Tests.Feature.AdminBreathingExerciseControllerTest" assertions="3" time="0.028879"/>
        <testcase name="test_admin_can_show_exercise" file="C:\Users\Ayrton\Desktop\BUREAU\DEVELOPPEMENT\CESIZen\webapp\tests\Feature\AdminBreathingExerciseControllerTest.php" line="163" class="Tests\Feature\AdminBreathingExerciseControllerTest" classname="Tests.Feature.AdminBreathingExerciseControllerTest" assertions="3" time="0.034287"/>
      </testsuite>
      <testsuite name="Tests\Feature\AdminDashboardControllerTest" file="C:\Users\Ayrton\Desktop\BUREAU\DEVELOPPEMENT\CESIZen\webapp\tests\Feature\AdminDashboardControllerTest.php" tests="2" assertions="3" errors="0" failures="0" skipped="0" time="0.075328">
        <testcase name="test_non_admin_cannot_access_admin_dashboard" file="C:\Users\Ayrton\Desktop\BUREAU\DEVELOPPEMENT\CESIZen\webapp\tests\Feature\AdminDashboardControllerTest.php" line="20" class="Tests\Feature\AdminDashboardControllerTest" classname="Tests.Feature.AdminDashboardControllerTest" assertions="1" time="0.028444"/>
        <testcase name="test_admin_can_access_admin_dashboard" file="C:\Users\Ayrton\Desktop\BUREAU\DEVELOPPEMENT\CESIZen\webapp\tests\Feature\AdminDashboardControllerTest.php" line="34" class="Tests\Feature\AdminDashboardControllerTest" classname="Tests.Feature.AdminDashboardControllerTest" assertions="2" time="0.046884"/>
      </testsuite>
      <testsuite name="Tests\Feature\AdminUserControllerTest" file="C:\Users\Ayrton\Desktop\BUREAU\DEVELOPPEMENT\CESIZen\webapp\tests\Feature\AdminUserControllerTest.php" tests="7" assertions="20" errors="0" failures="0" skipped="0" time="0.206409">
        <testcase name="test_admin_can_see_users_index" file="C:\Users\Ayrton\Desktop\BUREAU\DEVELOPPEMENT\CESIZen\webapp\tests\Feature\AdminUserControllerTest.php" line="25" class="Tests\Feature\AdminUserControllerTest" classname="Tests.Feature.AdminUserControllerTest" assertions="2" time="0.030622"/>
        <testcase name="test_admin_can_create_user" file="C:\Users\Ayrton\Desktop\BUREAU\DEVELOPPEMENT\CESIZen\webapp\tests\Feature\AdminUserControllerTest.php" line="40" class="Tests\Feature\AdminUserControllerTest" classname="Tests.Feature.AdminUserControllerTest" assertions="2" time="0.024154"/>
        <testcase name="test_admin_can_store_user" file="C:\Users\Ayrton\Desktop\BUREAU\DEVELOPPEMENT\CESIZen\webapp\tests\Feature\AdminUserControllerTest.php" line="55" class="Tests\Feature\AdminUserControllerTest" classname="Tests.Feature.AdminUserControllerTest" assertions="3" time="0.032911"/>
        <testcase name="test_admin_can_edit_user" file="C:\Users\Ayrton\Desktop\BUREAU\DEVELOPPEMENT\CESIZen\webapp\tests\Feature\AdminUserControllerTest.php" line="82" class="Tests\Feature\AdminUserControllerTest" classname="Tests.Feature.AdminUserControllerTest" assertions="3" time="0.043559"/>
        <testcase name="test_admin_can_update_user" file="C:\Users\Ayrton\Desktop\BUREAU\DEVELOPPEMENT\CESIZen\webapp\tests\Feature\AdminUserControllerTest.php" line="99" class="Tests\Feature\AdminUserControllerTest" classname="Tests.Feature.AdminUserControllerTest" assertions="3" time="0.026545"/>
        <testcase name="test_admin_can_delete_user" file="C:\Users\Ayrton\Desktop\BUREAU\DEVELOPPEMENT\CESIZen\webapp\tests\Feature\AdminUserControllerTest.php" line="126" class="Tests\Feature\AdminUserControllerTest" classname="Tests.Feature.AdminUserControllerTest" assertions="3" time="0.024973"/>
        <testcase name="test_admin_cannot_delete_self" file="C:\Users\Ayrton\Desktop\BUREAU\DEVELOPPEMENT\CESIZen\webapp\tests\Feature\AdminUserControllerTest.php" line="145" class="Tests\Feature\AdminUserControllerTest" classname="Tests.Feature.AdminUserControllerTest" assertions="4" time="0.023646"/>
      </testsuite>
      <testsuite name="Tests\Feature\BreathingExerciseControllerTest" file="C:\Users\Ayrton\Desktop\BUREAU\DEVELOPPEMENT\CESIZen\webapp\tests\Feature\BreathingExerciseControllerTest.php" tests="3" assertions="6" errors="0" failures="0" skipped="0" time="0.114031">
        <testcase name="test_guest_can_access_breathing_index" file="C:\Users\Ayrton\Desktop\BUREAU\DEVELOPPEMENT\CESIZen\webapp\tests\Feature\BreathingExerciseControllerTest.php" line="21" class="Tests\Feature\BreathingExerciseControllerTest" classname="Tests.Feature.BreathingExerciseControllerTest" assertions="2" time="0.054641"/>
        <testcase name="test_guest_can_access_breathing_show" file="C:\Users\Ayrton\Desktop\BUREAU\DEVELOPPEMENT\CESIZen\webapp\tests\Feature\BreathingExerciseControllerTest.php" line="35" class="Tests\Feature\BreathingExerciseControllerTest" classname="Tests.Feature.BreathingExerciseControllerTest" assertions="3" time="0.031478"/>
        <testcase name="test_inactive_breathing_exercise_returns_404" file="C:\Users\Ayrton\Desktop\BUREAU\DEVELOPPEMENT\CESIZen\webapp\tests\Feature\BreathingExerciseControllerTest.php" line="55" class="Tests\Feature\BreathingExerciseControllerTest" classname="Tests.Feature.BreathingExerciseControllerTest" assertions="1" time="0.027912"/>
      </testsuite>
      <testsuite name="Tests\Feature\DashboardControllerTest" file="C:\Users\Ayrton\Desktop\BUREAU\DEVELOPPEMENT\CESIZen\webapp\tests\Feature\DashboardControllerTest.php" tests="2" assertions="5" errors="0" failures="0" skipped="0" time="0.049753">
        <testcase name="test_guest_cannot_access_dashboard" file="C:\Users\Ayrton\Desktop\BUREAU\DEVELOPPEMENT\CESIZen\webapp\tests\Feature\DashboardControllerTest.php" line="20" class="Tests\Feature\DashboardControllerTest" classname="Tests.Feature.DashboardControllerTest" assertions="2" time="0.020871"/>
        <testcase name="test_authenticated_user_can_see_dashboard" file="C:\Users\Ayrton\Desktop\BUREAU\DEVELOPPEMENT\CESIZen\webapp\tests\Feature\DashboardControllerTest.php" line="33" class="Tests\Feature\DashboardControllerTest" classname="Tests.Feature.DashboardControllerTest" assertions="3" time="0.028882"/>
      </testsuite>
      <testsuite name="Tests\Feature\EmailVerificationTest" file="C:\Users\Ayrton\Desktop\BUREAU\DEVELOPPEMENT\CESIZen\webapp\tests\Feature\EmailVerificationTest.php" tests="9" assertions="21" errors="0" failures="0" skipped="0" time="0.321211">
        <testcase name="test_verification_email_is_sent_on_registration" file="C:\Users\Ayrton\Desktop\BUREAU\DEVELOPPEMENT\CESIZen\webapp\tests\Feature\EmailVerificationTest.php" line="25" class="Tests\Feature\EmailVerificationTest" classname="Tests.Feature.EmailVerificationTest" assertions="1" time="0.038858"/>
        <testcase name="test_verification_email_contains_correct_content" file="C:\Users\Ayrton\Desktop\BUREAU\DEVELOPPEMENT\CESIZen\webapp\tests\Feature\EmailVerificationTest.php" line="50" class="Tests\Feature\EmailVerificationTest" classname="Tests.Feature.EmailVerificationTest" assertions="6" time="0.036272"/>
        <testcase name="test_verification_link_works" file="C:\Users\Ayrton\Desktop\BUREAU\DEVELOPPEMENT\CESIZen\webapp\tests\Feature\EmailVerificationTest.php" line="85" class="Tests\Feature\EmailVerificationTest" classname="Tests.Feature.EmailVerificationTest" assertions="3" time="0.026901"/>
        <testcase name="test_verification_link_expires" file="C:\Users\Ayrton\Desktop\BUREAU\DEVELOPPEMENT\CESIZen\webapp\tests\Feature\EmailVerificationTest.php" line="108" class="Tests\Feature\EmailVerificationTest" classname="Tests.Feature.EmailVerificationTest" assertions="2" time="0.038211"/>
        <testcase name="test_email_verification_link_can_be_clicked" file="C:\Users\Ayrton\Desktop\BUREAU\DEVELOPPEMENT\CESIZen\webapp\tests\Feature\EmailVerificationTest.php" line="131" class="Tests\Feature\EmailVerificationTest" classname="Tests.Feature.EmailVerificationTest" assertions="4" time="0.046078"/>
        <testcase name="test_email_cannot_be_verified_with_invalid_hash" file="C:\Users\Ayrton\Desktop\BUREAU\DEVELOPPEMENT\CESIZen\webapp\tests\Feature\EmailVerificationTest.php" line="157" class="Tests\Feature\EmailVerificationTest" classname="Tests.Feature.EmailVerificationTest" assertions="1" time="0.025991"/>
        <testcase name="test_email_cannot_be_verified_with_invalid_id" file="C:\Users\Ayrton\Desktop\BUREAU\DEVELOPPEMENT\CESIZen\webapp\tests\Feature\EmailVerificationTest.php" line="179" class="Tests\Feature\EmailVerificationTest" classname="Tests.Feature.EmailVerificationTest" assertions="1" time="0.025393"/>
        <testcase name="test_email_cannot_be_verified_with_expired_link" file="C:\Users\Ayrton\Desktop\BUREAU\DEVELOPPEMENT\CESIZen\webapp\tests\Feature\EmailVerificationTest.php" line="201" class="Tests\Feature\EmailVerificationTest" classname="Tests.Feature.EmailVerificationTest" assertions="1" time="0.029274"/>
        <testcase name="test_user_can_resend_verification_email" file="C:\Users\Ayrton\Desktop\BUREAU\DEVELOPPEMENT\CESIZen\webapp\tests\Feature\EmailVerificationTest.php" line="223" class="Tests\Feature\EmailVerificationTest" classname="Tests.Feature.EmailVerificationTest" assertions="2" time="0.054233"/>
      </testsuite>
      <testsuite name="Tests\Feature\IndexControllerTest" file="C:\Users\Ayrton\Desktop\BUREAU\DEVELOPPEMENT\CESIZen\webapp\tests\Feature\IndexControllerTest.php" tests="2" assertions="4" errors="0" failures="0" skipped="0" time="0.048787">
        <testcase name="test_guest_can_see_index_page" file="C:\Users\Ayrton\Desktop\BUREAU\DEVELOPPEMENT\CESIZen\webapp\tests\Feature\IndexControllerTest.php" line="20" class="Tests\Feature\IndexControllerTest" classname="Tests.Feature.IndexControllerTest" assertions="2" time="0.026455"/>
        <testcase name="test_authenticated_user_is_redirected_to_dashboard" file="C:\Users\Ayrton\Desktop\BUREAU\DEVELOPPEMENT\CESIZen\webapp\tests\Feature\IndexControllerTest.php" line="34" class="Tests\Feature\IndexControllerTest" classname="Tests.Feature.IndexControllerTest" assertions="2" time="0.022332"/>
      </testsuite>
      <testsuite name="Tests\Feature\LoginControllerTest" file="C:\Users\Ayrton\Desktop\BUREAU\DEVELOPPEMENT\CESIZen\webapp\tests\Feature\LoginControllerTest.php" tests="4" assertions="14" errors="0" failures="0" skipped="0" time="0.318534">
        <testcase name="test_guest_can_see_login_page" file="C:\Users\Ayrton\Desktop\BUREAU\DEVELOPPEMENT\CESIZen\webapp\tests\Feature\LoginControllerTest.php" line="21" class="Tests\Feature\LoginControllerTest" classname="Tests.Feature.LoginControllerTest" assertions="2" time="0.031444"/>
        <testcase name="test_verified_user_can_login_with_correct_credentials" file="C:\Users\Ayrton\Desktop\BUREAU\DEVELOPPEMENT\CESIZen\webapp\tests\Feature\LoginControllerTest.php" line="35" class="Tests\Feature\LoginControllerTest" classname="Tests.Feature.LoginControllerTest" assertions="5" time="0.027038"/>
        <testcase name="test_user_cannot_login_with_invalid_credentials" file="C:\Users\Ayrton\Desktop\BUREAU\DEVELOPPEMENT\CESIZen\webapp\tests\Feature\LoginControllerTest.php" line="60" class="Tests\Feature\LoginControllerTest" classname="Tests.Feature.LoginControllerTest" assertions="4" time="0.236753"/>
        <testcase name="test_user_can_logout" file="C:\Users\Ayrton\Desktop\BUREAU\DEVELOPPEMENT\CESIZen\webapp\tests\Feature\LoginControllerTest.php" line="87" class="Tests\Feature\LoginControllerTest" classname="Tests.Feature.LoginControllerTest" assertions="3" time="0.023299"/>
      </testsuite>
      <testsuite name="Tests\Feature\ProfileControllerTest" file="C:\Users\Ayrton\Desktop\BUREAU\DEVELOPPEMENT\CESIZen\webapp\tests\Feature\ProfileControllerTest.php" tests="6" assertions="18" errors="0" failures="0" skipped="0" time="0.170554">
        <testcase name="test_user_can_view_profile" file="C:\Users\Ayrton\Desktop\BUREAU\DEVELOPPEMENT\CESIZen\webapp\tests\Feature\ProfileControllerTest.php" line="29" class="Tests\Feature\ProfileControllerTest" classname="Tests.Feature.ProfileControllerTest" assertions="3" time="0.029994"/>
        <testcase name="test_user_can_update_profile" file="C:\Users\Ayrton\Desktop\BUREAU\DEVELOPPEMENT\CESIZen\webapp\tests\Feature\ProfileControllerTest.php" line="48" class="Tests\Feature\ProfileControllerTest" classname="Tests.Feature.ProfileControllerTest" assertions="3" time="0.028193"/>
        <testcase name="test_user_cannot_update_profile_with_existing_email" file="C:\Users\Ayrton\Desktop\BUREAU\DEVELOPPEMENT\CESIZen\webapp\tests\Feature\ProfileControllerTest.php" line="77" class="Tests\Feature\ProfileControllerTest" classname="Tests.Feature.ProfileControllerTest" assertions="2" time="0.025807"/>
        <testcase name="test_user_can_update_password" file="C:\Users\Ayrton\Desktop\BUREAU\DEVELOPPEMENT\CESIZen\webapp\tests\Feature\ProfileControllerTest.php" line="99" class="Tests\Feature\ProfileControllerTest" classname="Tests.Feature.ProfileControllerTest" assertions="2" time="0.026316"/>
        <testcase name="test_user_cannot_update_password_with_wrong_current_password" file="C:\Users\Ayrton\Desktop\BUREAU\DEVELOPPEMENT\CESIZen\webapp\tests\Feature\ProfileControllerTest.php" line="123" class="Tests\Feature\ProfileControllerTest" classname="Tests.Feature.ProfileControllerTest" assertions="2" time="0.023892"/>
        <testcase name="test_user_can_download_personal_data" file="C:\Users\Ayrton\Desktop\BUREAU\DEVELOPPEMENT\CESIZen\webapp\tests\Feature\ProfileControllerTest.php" line="145" class="Tests\Feature\ProfileControllerTest" classname="Tests.Feature.ProfileControllerTest" assertions="6" time="0.036351"/>
      </testsuite>
      <testsuite name="Tests\Feature\RegisterControllerTest" file="C:\Users\Ayrton\Desktop\BUREAU\DEVELOPPEMENT\CESIZen\webapp\tests\Feature\RegisterControllerTest.php" tests="5" assertions="14" errors="0" failures="0" skipped="0" time="0.136002">
        <testcase name="test_guest_can_see_register_page" file="C:\Users\Ayrton\Desktop\BUREAU\DEVELOPPEMENT\CESIZen\webapp\tests\Feature\RegisterControllerTest.php" line="23" class="Tests\Feature\RegisterControllerTest" classname="Tests.Feature.RegisterControllerTest" assertions="2" time="0.023821"/>
        <testcase name="test_user_can_register_with_valid_data" file="C:\Users\Ayrton\Desktop\BUREAU\DEVELOPPEMENT\CESIZen\webapp\tests\Feature\RegisterControllerTest.php" line="37" class="Tests\Feature\RegisterControllerTest" classname="Tests.Feature.RegisterControllerTest" assertions="4" time="0.023819"/>
        <testcase name="test_user_cannot_register_with_existing_email" file="C:\Users\Ayrton\Desktop\BUREAU\DEVELOPPEMENT\CESIZen\webapp\tests\Feature\RegisterControllerTest.php" line="70" class="Tests\Feature\RegisterControllerTest" classname="Tests.Feature.RegisterControllerTest" assertions="5" time="0.039975"/>
        <testcase name="test_unverified_user_cannot_access_protected_routes" file="C:\Users\Ayrton\Desktop\BUREAU\DEVELOPPEMENT\CESIZen\webapp\tests\Feature\RegisterControllerTest.php" line="98" class="Tests\Feature\RegisterControllerTest" classname="Tests.Feature.RegisterControllerTest" assertions="2" time="0.022667"/>
        <testcase name="test_verified_user_can_access_protected_routes" file="C:\Users\Ayrton\Desktop\BUREAU\DEVELOPPEMENT\CESIZen\webapp\tests\Feature\RegisterControllerTest.php" line="116" class="Tests\Feature\RegisterControllerTest" classname="Tests.Feature.RegisterControllerTest" assertions="1" time="0.025720"/>
      </testsuite>
    </testsuite>
  </testsuite>
</testsuites>
